1534491832813	geckodriver	INFO	geckodriver 0.21.0
1534491832822	geckodriver	INFO	Listening on 127.0.0.1:42973
1534491833827	mozrunner::runner	INFO	Running command: "/usr/bin/firefox" "-marionette" "-foreground" "-no-remote" "-profile" "/tmp/rust_mozprofile.zpuwORl0K5Hg"
1534491838836	Marionette	INFO	Listening on port 42493
1534491838879	Marionette	WARN	TLS certificate errors will be ignored for this session
[Parent 9726, Gecko_IOThread] WARNING: pipe error (74): Connection reset by peer: file /build/firefox-mWstsA/firefox-61.0.1+build1/ipc/chromium/src/chrome/common/ipc_channel_posix.cc, line 353
*** UTM:SVC TimerManager:registerTimer called after profile-before-change notification. Ignoring timer registration for id: telemetry_modules_ping
1534492095432	geckodriver	INFO	geckodriver 0.21.0
1534492095441	geckodriver	INFO	Listening on 127.0.0.1:36003
1534492096445	mozrunner::runner	INFO	Running command: "/usr/bin/firefox" "-marionette" "-foreground" "-no-remote" "-profile" "/tmp/rust_mozprofile.I2OvKxJba6YA"
1534492101741	Marionette	INFO	Listening on port 40045
1534492101778	Marionette	WARN	TLS certificate errors will be ignored for this session
[Parent 10044, Gecko_IOThread] WARNING: pipe error (71): Connection reset by peer: file /build/firefox-mWstsA/firefox-61.0.1+build1/ipc/chromium/src/chrome/common/ipc_channel_posix.cc, line 353
*** UTM:SVC TimerManager:registerTimer called after profile-before-change notification. Ignoring timer registration for id: telemetry_modules_ping
1534492167896	geckodriver	INFO	geckodriver 0.21.0
1534492167905	geckodriver	INFO	Listening on 127.0.0.1:43745
1534492168911	mozrunner::runner	INFO	Running command: "/usr/bin/firefox" "-marionette" "-foreground" "-no-remote" "-profile" "/tmp/rust_mozprofile.KHL2SHJAm4bQ"
1534492173657	Marionette	INFO	Listening on port 34087
1534492173734	Marionette	WARN	TLS certificate errors will be ignored for this session
[Parent 10309, Gecko_IOThread] WARNING: pipe error (71): Connection reset by peer: file /build/firefox-mWstsA/firefox-61.0.1+build1/ipc/chromium/src/chrome/common/ipc_channel_posix.cc, line 353
1534492249953	geckodriver	INFO	geckodriver 0.21.0
1534492249964	geckodriver	INFO	Listening on 127.0.0.1:42315
1534492250966	mozrunner::runner	INFO	Running command: "/usr/bin/firefox" "-marionette" "-foreground" "-no-remote" "-profile" "/tmp/rust_mozprofile.6XXGWzKaMGdp"
1534492256170	Marionette	INFO	Listening on port 38003
1534492256197	Marionette	WARN	TLS certificate errors will be ignored for this session
[Parent 10560, Gecko_IOThread] WARNING: pipe error (74): Connection reset by peer: file /build/firefox-mWstsA/firefox-61.0.1+build1/ipc/chromium/src/chrome/common/ipc_channel_posix.cc, line 353
1534492884182	geckodriver	INFO	geckodriver 0.21.0
1534492884191	geckodriver	INFO	Listening on 127.0.0.1:36365
1534492885197	mozrunner::runner	INFO	Running command: "/usr/bin/firefox" "-marionette" "-foreground" "-no-remote" "-profile" "/tmp/rust_mozprofile.CvYbSw612V2e"
1534492890635	Marionette	INFO	Listening on port 43065
1534492890745	Marionette	WARN	TLS certificate errors will be ignored for this session
[Parent 10962, Gecko_IOThread] WARNING: pipe error (68): Connection reset by peer: file /build/firefox-mWstsA/firefox-61.0.1+build1/ipc/chromium/src/chrome/common/ipc_channel_posix.cc, line 353
*** UTM:SVC TimerManager:registerTimer called after profile-before-change notification. Ignoring timer registration for id: telemetry_modules_ping
1534492945727	geckodriver	INFO	geckodriver 0.21.0
1534492945737	geckodriver	INFO	Listening on 127.0.0.1:51951
1534492946741	mozrunner::runner	INFO	Running command: "/usr/bin/firefox" "-marionette" "-foreground" "-no-remote" "-profile" "/tmp/rust_mozprofile.b2Ayn3HQj5ML"
1534492951623	Marionette	INFO	Listening on port 41565
1534492951672	Marionette	WARN	TLS certificate errors will be ignored for this session

###!!! [Child][MessageChannel] Error: (msgtype=0x550027,name=PNecko::Msg_RemoveRequestContext) Channel closing: too late to send/recv, messages will be lost


###!!! [Child][RunMessage] Error: Channel closing: too late to send/recv, messages will be lost


###!!! [Child][RunMessage] Error: Channel closing: too late to send/recv, messages will be lost

[Parent 11211, Gecko_IOThread] WARNING: pipe error (111): Connection reset by peer: file /build/firefox-mWstsA/firefox-61.0.1+build1/ipc/chromium/src/chrome/common/ipc_channel_posix.cc, line 353
[Parent 11211, Gecko_IOThread] WARNING: pipe error (88): Connection reset by peer: file /build/firefox-mWstsA/firefox-61.0.1+build1/ipc/chromium/src/chrome/common/ipc_channel_posix.cc, line 353
[Parent 11211, Gecko_IOThread] WARNING: pipe error (68): Connection reset by peer: file /build/firefox-mWstsA/firefox-61.0.1+build1/ipc/chromium/src/chrome/common/ipc_channel_posix.cc, line 353
1534493064775	geckodriver	INFO	geckodriver 0.21.0
1534493064786	geckodriver	INFO	Listening on 127.0.0.1:44945
1534493065787	mozrunner::runner	INFO	Running command: "/usr/bin/firefox" "-marionette" "-foreground" "-no-remote" "-profile" "/tmp/rust_mozprofile.CORFuAqUGa0z"
1534493070698	Marionette	INFO	Listening on port 35343
1534493070721	Marionette	WARN	TLS certificate errors will be ignored for this session
[Parent 11590, Gecko_IOThread] WARNING: pipe error (71): Connection reset by peer: file /build/firefox-mWstsA/firefox-61.0.1+build1/ipc/chromium/src/chrome/common/ipc_channel_posix.cc, line 353
1534493154858	geckodriver	INFO	geckodriver 0.21.0
1534493154870	geckodriver	INFO	Listening on 127.0.0.1:38877
1534493155872	mozrunner::runner	INFO	Running command: "/usr/bin/firefox" "-marionette" "-foreground" "-no-remote" "-profile" "/tmp/rust_mozprofile.qSccDWFXtSrO"
1534493160912	Marionette	INFO	Listening on port 35963
1534493160996	Marionette	WARN	TLS certificate errors will be ignored for this session
[Parent 11831, Gecko_IOThread] WARNING: pipe error (75): Connection reset by peer: file /build/firefox-mWstsA/firefox-61.0.1+build1/ipc/chromium/src/chrome/common/ipc_channel_posix.cc, line 353
1534493226847	geckodriver	INFO	geckodriver 0.21.0
1534493226858	geckodriver	INFO	Listening on 127.0.0.1:45475
1534493227861	mozrunner::runner	INFO	Running command: "/usr/bin/firefox" "-marionette" "-foreground" "-no-remote" "-profile" "/tmp/rust_mozprofile.I7mPr8zFG7ln"
1534493232598	Marionette	INFO	Listening on port 39591
1534493232694	Marionette	WARN	TLS certificate errors will be ignored for this session
[Parent 12136, Gecko_IOThread] WARNING: pipe error (68): Connection reset by peer: file /build/firefox-mWstsA/firefox-61.0.1+build1/ipc/chromium/src/chrome/common/ipc_channel_posix.cc, line 353
*** UTM:SVC TimerManager:registerTimer called after profile-before-change notification. Ignoring timer registration for id: telemetry_modules_ping
1534493820409	geckodriver	INFO	geckodriver 0.21.0
1534493820421	geckodriver	INFO	Listening on 127.0.0.1:35819
1534493821425	mozrunner::runner	INFO	Running command: "/usr/bin/firefox" "-marionette" "-foreground" "-no-remote" "-profile" "/tmp/rust_mozprofile.NO7ocVYY1V6I"
1534493850800	geckodriver	INFO	geckodriver 0.21.0
1534493850809	geckodriver	INFO	Listening on 127.0.0.1:32845
1534493851813	mozrunner::runner	INFO	Running command: "/usr/bin/firefox" "-marionette" "-foreground" "-no-remote" "-profile" "/tmp/rust_mozprofile.ZBhC1UPHzPu8"
1534493856843	Marionette	INFO	Listening on port 44759
1534493856952	Marionette	WARN	TLS certificate errors will be ignored for this session
1534493959960	geckodriver	INFO	geckodriver 0.21.0
1534493959970	geckodriver	INFO	Listening on 127.0.0.1:45417
1534493960975	mozrunner::runner	INFO	Running command: "/usr/bin/firefox" "-marionette" "-foreground" "-no-remote" "-profile" "/tmp/rust_mozprofile.fRZXvpZl7hPA"
1534493965498	Marionette	INFO	Listening on port 46635
1534493965609	Marionette	WARN	TLS certificate errors will be ignored for this session
1534535241291	geckodriver	INFO	geckodriver 0.21.0
1534535241464	geckodriver	INFO	Listening on 127.0.0.1:60971
1534535242404	mozrunner::runner	INFO	Running command: "/usr/bin/firefox" "-marionette" "-foreground" "-no-remote" "-profile" "/tmp/rust_mozprofile.6pFx4Bbd61LV"
1534535249380	Marionette	INFO	Listening on port 38233
1534535249500	Marionette	WARN	TLS certificate errors will be ignored for this session
1534830544743	geckodriver	INFO	geckodriver 0.21.0
1534830545109	geckodriver	INFO	Listening on 127.0.0.1:53705
1534830545783	mozrunner::runner	INFO	Running command: "/usr/bin/firefox" "-marionette" "-headless" "-foreground" "-no-remote" "-profile" "/tmp/rust_mozprofile.g3L86fwvqUmm"
*** You are running in headless mode.
1534830551719	Marionette	INFO	Listening on port 43445
1534830551859	Marionette	WARN	TLS certificate errors will be ignored for this session

(/usr/lib/firefox/firefox:7119): dconf-WARNING **: Unable to open /var/lib/snapd/desktop/dconf/profile/user: Permission denied
1534841492779	geckodriver	INFO	geckodriver 0.21.0
1534841492789	geckodriver	INFO	Listening on 127.0.0.1:40615
1534841493795	mozrunner::runner	INFO	Running command: "/usr/bin/firefox" "-marionette" "-headless" "-foreground" "-no-remote" "-profile" "/tmp/rust_mozprofile.H5EVjJIP5tNC"
*** You are running in headless mode.
1534841498771	Marionette	INFO	Listening on port 44909
1534841498830	Marionette	WARN	TLS certificate errors will be ignored for this session
1534842050412	geckodriver	INFO	geckodriver 0.21.0
1534842050421	geckodriver	INFO	Listening on 127.0.0.1:57925
1534842051427	mozrunner::runner	INFO	Running command: "/usr/bin/firefox" "-marionette" "-headless" "-foreground" "-no-remote" "-profile" "/tmp/rust_mozprofile.sBrjQiYceyI8"
*** You are running in headless mode.
1534842056181	Marionette	INFO	Listening on port 45677
1534842056258	Marionette	WARN	TLS certificate errors will be ignored for this session

(/usr/lib/firefox/firefox:9530): dconf-WARNING **: Unable to open /var/lib/snapd/desktop/dconf/profile/user: Permission denied
1534842560537	geckodriver	INFO	geckodriver 0.21.0
1534842560549	geckodriver	INFO	Listening on 127.0.0.1:49549
1534842561550	mozrunner::runner	INFO	Running command: "/usr/bin/firefox" "-marionette" "-headless" "-foreground" "-no-remote" "-profile" "/tmp/rust_mozprofile.qnsKdSPZy1Ad"
*** You are running in headless mode.
1534842567317	Marionette	INFO	Listening on port 37795
1534842567388	Marionette	WARN	TLS certificate errors will be ignored for this session

(/usr/lib/firefox/firefox:9970): dconf-WARNING **: Unable to open /var/lib/snapd/desktop/dconf/profile/user: Permission denied
1534843085257	geckodriver	INFO	geckodriver 0.21.0
1534843085267	geckodriver	INFO	Listening on 127.0.0.1:39381
1534843086269	mozrunner::runner	INFO	Running command: "/usr/bin/firefox" "-marionette" "-headless" "-foreground" "-no-remote" "-profile" "/tmp/rust_mozprofile.HVtOdIaQ2B8o"
*** You are running in headless mode.
1534843120808	geckodriver	INFO	geckodriver 0.21.0
1534843120815	geckodriver	INFO	Listening on 127.0.0.1:33301
1534843121816	mozrunner::runner	INFO	Running command: "/usr/bin/firefox" "-marionette" "-headless" "-foreground" "-no-remote" "-profile" "/tmp/rust_mozprofile.Bw7ovaKsIINn"
*** You are running in headless mode.
1534843127262	Marionette	INFO	Listening on port 37263
1534843127351	Marionette	WARN	TLS certificate errors will be ignored for this session
1534843709192	geckodriver	INFO	geckodriver 0.21.0
1534843709203	geckodriver	INFO	Listening on 127.0.0.1:54355
1534843710207	mozrunner::runner	INFO	Running command: "/usr/bin/firefox" "-marionette" "-headless" "-foreground" "-no-remote" "-profile" "/tmp/rust_mozprofile.xqMflV5kfL8Q"
*** You are running in headless mode.
1534843715751	Marionette	INFO	Listening on port 41925
1534843715844	Marionette	WARN	TLS certificate errors will be ignored for this session
1534844028315	geckodriver	INFO	geckodriver 0.21.0
1534844028325	geckodriver	INFO	Listening on 127.0.0.1:44397
1534844029330	mozrunner::runner	INFO	Running command: "/usr/bin/firefox" "-marionette" "-headless" "-foreground" "-no-remote" "-profile" "/tmp/rust_mozprofile.KtKLWMoq0rFx"
*** You are running in headless mode.
1534844034153	Marionette	INFO	Listening on port 46625
1534844034265	Marionette	WARN	TLS certificate errors will be ignored for this session
1534902459623	geckodriver	INFO	geckodriver 0.21.0
1534902459702	geckodriver	INFO	Listening on 127.0.0.1:44375
1534902460724	mozrunner::runner	INFO	Running command: "/usr/bin/firefox" "-marionette" "-headless" "-foreground" "-no-remote" "-profile" "/tmp/rust_mozprofile.ycPpOCdzYxXt"
*** You are running in headless mode.
1534902482516	Marionette	INFO	Listening on port 34879
1534902482910	Marionette	WARN	TLS certificate errors will be ignored for this session
1534902520979	addons.productaddons	WARN	Failed downloading XML, status: 0, reason: timeout
1534902561061	addons.productaddons	WARN	Failed downloading via XHR, status: 0, reason: error
1534902807723	geckodriver	INFO	geckodriver 0.21.0
1534902807801	geckodriver	INFO	Listening on 127.0.0.1:47591
1534902808747	mozrunner::runner	INFO	Running command: "/usr/bin/firefox" "-marionette" "-headless" "-foreground" "-no-remote" "-profile" "/tmp/rust_mozprofile.fqzVkvbEN1eg"
*** You are running in headless mode.
1534902819841	Marionette	INFO	Listening on port 43021
1534902819987	Marionette	WARN	TLS certificate errors will be ignored for this session
[GFX1-]: Receive IPC close with reason=AbnormalShutdown
[Child 3497, Chrome_ChildThread] WARNING: pipe error (3): Connection reset by peer: file /build/firefox-mWstsA/firefox-61.0.1+build1/ipc/chromium/src/chrome/common/ipc_channel_posix.cc, line 353
[GFX1-]: Receive IPC close with reason=AbnormalShutdown
[Child 3453, Chrome_ChildThread] WARNING: pipe error (3): Connection reset by peer: file /build/firefox-mWstsA/firefox-61.0.1+build1/ipc/chromium/src/chrome/common/ipc_channel_posix.cc, line 353
1534902873081	geckodriver	INFO	geckodriver 0.21.0
1534902873116	geckodriver	INFO	Listening on 127.0.0.1:46989
1534902874088	mozrunner::runner	INFO	Running command: "/usr/bin/firefox" "-marionette" "-headless" "-foreground" "-no-remote" "-profile" "/tmp/rust_mozprofile.Dapgy6bC7moK"
*** You are running in headless mode.
1534902885057	Marionette	INFO	Listening on port 39633
1534902885229	Marionette	WARN	TLS certificate errors will be ignored for this session
[GFX1-]: Receive IPC close with reason=AbnormalShutdown
[Child 3641, Chrome_ChildThread] WARNING: pipe error (3): Connection reset by peer: file /build/firefox-mWstsA/firefox-61.0.1+build1/ipc/chromium/src/chrome/common/ipc_channel_posix.cc, line 353
1535039315335	geckodriver	INFO	geckodriver 0.21.0
1535039315654	geckodriver	INFO	Listening on 127.0.0.1:38213
1535039316342	mozrunner::runner	INFO	Running command: "/usr/bin/firefox" "-marionette" "-headless" "-foreground" "-no-remote" "-profile" "/tmp/rust_mozprofile.vg423zTcWfOy"
*** You are running in headless mode.
1535039331733	Marionette	INFO	Listening on port 42347
1535039332142	Marionette	WARN	TLS certificate errors will be ignored for this session
1535039479695	geckodriver	INFO	geckodriver 0.21.0
1535039479707	geckodriver	INFO	Listening on 127.0.0.1:42999
1535039480711	mozrunner::runner	INFO	Running command: "/usr/bin/firefox" "-marionette" "-headless" "-foreground" "-no-remote" "-profile" "/tmp/rust_mozprofile.uwtk9r6IB3ZS"
*** You are running in headless mode.
1535039485118	Marionette	INFO	Listening on port 38333
1535039485140	Marionette	WARN	TLS certificate errors will be ignored for this session
1535039878151	geckodriver	INFO	geckodriver 0.21.0
1535039878161	geckodriver	INFO	Listening on 127.0.0.1:35527
1535039879165	mozrunner::runner	INFO	Running command: "/usr/bin/firefox" "-marionette" "-headless" "-foreground" "-no-remote" "-profile" "/tmp/rust_mozprofile.aXPhnRq8u62F"
*** You are running in headless mode.
1535039883457	Marionette	INFO	Listening on port 40681
1535039883494	Marionette	WARN	TLS certificate errors will be ignored for this session
1535044363770	geckodriver	INFO	geckodriver 0.21.0
1535044363780	geckodriver	INFO	Listening on 127.0.0.1:57869
1535044364784	mozrunner::runner	INFO	Running command: "/usr/bin/firefox" "-marionette" "-headless" "-foreground" "-no-remote" "-profile" "/tmp/rust_mozprofile.iFOW5lc0ZKUi"
*** You are running in headless mode.
1535044369242	Marionette	INFO	Listening on port 45777
1535044369311	Marionette	WARN	TLS certificate errors will be ignored for this session

(/usr/lib/firefox/firefox:5026): dconf-WARNING **: Unable to open /var/lib/snapd/desktop/dconf/profile/user: Permission denied
1535045892077	geckodriver	INFO	geckodriver 0.21.0
1535045892087	geckodriver	INFO	Listening on 127.0.0.1:47015
1535045893092	mozrunner::runner	INFO	Running command: "/usr/bin/firefox" "-marionette" "-headless" "-foreground" "-no-remote" "-profile" "/tmp/rust_mozprofile.u6DM9JSVLG1N"
*** You are running in headless mode.
1535045897213	Marionette	INFO	Listening on port 46077
1535045897318	Marionette	WARN	TLS certificate errors will be ignored for this session
1535097604142	geckodriver	INFO	geckodriver 0.21.0
1535097604234	geckodriver	INFO	Listening on 127.0.0.1:45941
1535097605156	mozrunner::runner	INFO	Running command: "/usr/bin/firefox" "-marionette" "-headless" "-foreground" "-no-remote" "-profile" "/tmp/rust_mozprofile.N9KWkbvkOYWF"
*** You are running in headless mode.
1535097610480	Marionette	INFO	Listening on port 45175
1535097610598	Marionette	WARN	TLS certificate errors will be ignored for this session
1535102246827	geckodriver	INFO	geckodriver 0.21.0
1535102246839	geckodriver	INFO	Listening on 127.0.0.1:55591
1535102247844	mozrunner::runner	INFO	Running command: "/usr/bin/firefox" "-marionette" "-headless" "-foreground" "-no-remote" "-profile" "/tmp/rust_mozprofile.2UqmNiReXYvu"
*** You are running in headless mode.
1535102252882	Marionette	INFO	Listening on port 44093
1535102252975	Marionette	WARN	TLS certificate errors will be ignored for this session

(/usr/lib/firefox/firefox:13862): dconf-WARNING **: Unable to open /var/lib/snapd/desktop/dconf/profile/user: Permission denied
[Child 13862, Chrome_ChildThread] WARNING: pipe error (3): Connection reset by peer: file /build/firefox-mWstsA/firefox-61.0.1+build1/ipc/chromium/src/chrome/common/ipc_channel_posix.cc, line 353
1535102919703	geckodriver	INFO	geckodriver 0.21.0
1535102919714	geckodriver	INFO	Listening on 127.0.0.1:56365
1535102920719	mozrunner::runner	INFO	Running command: "/usr/bin/firefox" "-marionette" "-headless" "-foreground" "-no-remote" "-profile" "/tmp/rust_mozprofile.NWgKTasXdHc3"
*** You are running in headless mode.
1535102924936	Marionette	INFO	Listening on port 37201
1535102924955	Marionette	WARN	TLS certificate errors will be ignored for this session
[GFX1-]: Receive IPC close with reason=AbnormalShutdown
1535109322657	geckodriver	INFO	geckodriver 0.21.0
1535109322667	geckodriver	INFO	Listening on 127.0.0.1:57085
1535109323693	mozrunner::runner	INFO	Running command: "/usr/bin/firefox" "-marionette" "-headless" "-foreground" "-no-remote" "-profile" "/tmp/rust_mozprofile.mUfmYwleP36Z"
*** You are running in headless mode.
1535109328552	Marionette	INFO	Listening on port 33823
1535109328630	Marionette	WARN	TLS certificate errors will be ignored for this session
1535115985029	geckodriver	INFO	geckodriver 0.21.0
1535115985039	geckodriver	INFO	Listening on 127.0.0.1:41149
1535115986043	mozrunner::runner	INFO	Running command: "/usr/bin/firefox" "-marionette" "-headless" "-foreground" "-no-remote" "-profile" "/tmp/rust_mozprofile.FhSLt37aTEso"
*** You are running in headless mode.
1535115990445	Marionette	INFO	Listening on port 36967
1535115990469	Marionette	WARN	TLS certificate errors will be ignored for this session
1535174352201	geckodriver	INFO	geckodriver 0.21.0
1535174352256	geckodriver	INFO	Listening on 127.0.0.1:56391
1535174353216	mozrunner::runner	INFO	Running command: "/usr/bin/firefox" "-marionette" "-headless" "-foreground" "-no-remote" "-profile" "/tmp/rust_mozprofile.I7uCG6luQiDH"
*** You are running in headless mode.
1535174357493	Marionette	INFO	Listening on port 39601
1535174357563	Marionette	WARN	TLS certificate errors will be ignored for this session

(/usr/lib/firefox/firefox:8955): dconf-WARNING **: Unable to open /var/lib/snapd/desktop/dconf/profile/user: Permission denied
1535242949153	geckodriver	INFO	geckodriver 0.21.0
1535242949317	geckodriver	INFO	Listening on 127.0.0.1:41987
1535242950170	mozrunner::runner	INFO	Running command: "/usr/bin/firefox" "-marionette" "-headless" "-foreground" "-no-remote" "-profile" "/tmp/rust_mozprofile.PMwmQraChmO4"
*** You are running in headless mode.
1535242969450	Marionette	INFO	Listening on port 38883
1535242969807	Marionette	WARN	TLS certificate errors will be ignored for this session
1535256671973	geckodriver	INFO	geckodriver 0.21.0
1535256671984	geckodriver	INFO	Listening on 127.0.0.1:35311
1535256672987	mozrunner::runner	INFO	Running command: "/usr/bin/firefox" "-marionette" "-headless" "-foreground" "-no-remote" "-profile" "/tmp/rust_mozprofile.K0BTzJ7xGih2"
*** You are running in headless mode.
1535256677665	Marionette	INFO	Listening on port 42271
1535256677718	Marionette	WARN	TLS certificate errors will be ignored for this session
1535263311460	geckodriver	INFO	geckodriver 0.21.0
1535263311472	geckodriver	INFO	Listening on 127.0.0.1:41215
1535263312476	mozrunner::runner	INFO	Running command: "/usr/bin/firefox" "-marionette" "-headless" "-foreground" "-no-remote" "-profile" "/tmp/rust_mozprofile.e9DQofUJXGSt"
*** You are running in headless mode.
1535263318053	Marionette	INFO	Listening on port 37127
1535263318112	Marionette	WARN	TLS certificate errors will be ignored for this session
1535318947846	geckodriver	INFO	geckodriver 0.21.0
1535318947858	geckodriver	INFO	Listening on 127.0.0.1:60923
1535318948862	mozrunner::runner	INFO	Running command: "/usr/bin/firefox" "-marionette" "-headless" "-foreground" "-no-remote" "-profile" "/tmp/rust_mozprofile.r5JmDjDWV0UC"
*** You are running in headless mode.
1535318954003	Marionette	INFO	Listening on port 46175
1535318954103	Marionette	WARN	TLS certificate errors will be ignored for this session
1535328684909	geckodriver	INFO	geckodriver 0.21.0
1535328684920	geckodriver	INFO	Listening on 127.0.0.1:42517
1535328685922	mozrunner::runner	INFO	Running command: "/usr/bin/firefox" "-marionette" "-headless" "-foreground" "-no-remote" "-profile" "/tmp/rust_mozprofile.Kh1bobfgGaGk"
*** You are running in headless mode.
1535328690564	Marionette	INFO	Listening on port 36107
1535328690652	Marionette	WARN	TLS certificate errors will be ignored for this session
1535439316267	geckodriver	INFO	geckodriver 0.21.0
1535439316657	geckodriver	INFO	Listening on 127.0.0.1:41447
1535439317792	mozrunner::runner	INFO	Running command: "/usr/bin/firefox" "-marionette" "-headless" "-foreground" "-no-remote" "-profile" "/tmp/rust_mozprofile.tdzGclW6Wn0s"
*** You are running in headless mode.
1535439324785	Marionette	INFO	Listening on port 33745
1535439324913	Marionette	WARN	TLS certificate errors will be ignored for this session
1535446564893	geckodriver	INFO	geckodriver 0.21.0
1535446564904	geckodriver	INFO	Listening on 127.0.0.1:50283
1535446565905	mozrunner::runner	INFO	Running command: "/usr/bin/firefox" "-marionette" "-headless" "-foreground" "-no-remote" "-profile" "/tmp/rust_mozprofile.9BmLvVeOrGUd"
*** You are running in headless mode.
1535446570097	Marionette	INFO	Listening on port 32825
1535446570136	Marionette	WARN	TLS certificate errors will be ignored for this session
1535794289311	geckodriver	INFO	geckodriver 0.21.0
1535794289675	geckodriver	INFO	Listening on 127.0.0.1:58239
1535794290329	mozrunner::runner	INFO	Running command: "/usr/bin/firefox" "-marionette" "-headless" "-foreground" "-no-remote" "-profile" "/tmp/rust_mozprofile.27xOtQxbTcWW"
1535794336190	geckodriver	INFO	geckodriver 0.21.0
1535794336202	geckodriver	INFO	Listening on 127.0.0.1:46583
1535794337241	mozrunner::runner	INFO	Running command: "/usr/bin/firefox" "-marionette" "-headless" "-foreground" "-no-remote" "-profile" "/tmp/rust_mozprofile.J7eq23GPiOvv"
*** You are running in headless mode.
1535794348147	geckodriver	INFO	geckodriver 0.21.0
1535794348159	geckodriver	INFO	Listening on 127.0.0.1:48589
1535794349163	mozrunner::runner	INFO	Running command: "/usr/bin/firefox" "-marionette" "-headless" "-foreground" "-no-remote" "-profile" "/tmp/rust_mozprofile.4g5zg6JgxsaM"
*** You are running in headless mode.
1535794364171	Marionette	INFO	Listening on port 42455
1535794364469	Marionette	WARN	TLS certificate errors will be ignored for this session
